turnright
turnright
movetowall
turnleft
movetoitem
collect
movetowall
turnleft
movetowall
turnright
movetowall
turnright
movetowall
turnleft
movetoitem
collect
movetowall
turnleft
movetowall
turnright
movetoitem
collect
movetowall
turnright
movetowall
turnleft
movetoitem
collect
movetowall
turnleft
movetowall
turnright
movetowall
turnright
movetowall
turnleft
movetoitem
collect
movetowall
turnleft
movetowall
turnright
movetoitem
collect
movetowall
turnright
movetowall
turnleft
movetowall
turnleft
movetowall
turnright
movetowall
turnright
movetowall
turnleft
movetowall
turnleft
movetowall
turnright
movetowall
turnright
movetowall
turnleft
movetowall
turnleft
movetowall
turnright
movetowall
turnright
movetowall
turnleft
movetoitem
collect
movetowall
turnleft
movetowall
turnright
movetowall
turnright
movetowall
turnleft
movetoitem
collect
movetowall
turnleft
movetowall
turnright
movetoitem
collect
movetowall
turnright
movetowall
turnleft
movetoitem
collect
movetowall
turnleft
movetowall
turnright
movetowall
turnright
movetowall
turnleft
movetowall
turnleft
movetowall
turnright
movetowall
turnright
movetowall
turnleft
movetowall
turnleft
movetowall
turnright
movetowall
turnright
movetowall
turnleft
movetoitem
collect
movetowall
turnleft
movetowall
turnright
movetoitem
collect
movetowall
turnright
movetowall
turnleft
movetowall
turnleft
movetowall
turnright
movetoitem
collect
movetowall
turnright
movetowall
turnleft
movetowall
turnleft
movetowall
turnright
movetoitem
collect
movetowall
turnright
movetowall
turnleft
movetowall
turnleft
movetowall
turnright
movetowall
turnright
movetowall
turnleft
movetoitem
collect
movetowall
turnleft
movetowall
turnright
movetoitem
collect
movetowall
turnright
movetowall
turnleft
movetoitem
collect
movetowall
turnleft
movetowall
turnright
movetoitem
collect
movetowall
turnright
movetowall
turnleft
movetoitem
collect
movetowall
turnleft
movetowall
turnright
movetoitem
collect
movetowall
turnright
movetowall
turnleft
movetoitem
collect
movetowall
turnleft
movetowall
turnright
movetoitem
collect
movetowall
turnright
movetowall
turnleft
movetoitem
collect
movetowall
turnleft
movetowall
turnright
movetowall
turnright
movetowall
turnleft
movetoitem
collect
movetowall
turnleft
movetowall
turnright
movetoitem
collect
movetowall
turnright
movetowall
turnleft
movetowall
turnleft
movetowall
turnright
movetowall
turnright
movetowall
turnleft
movetoitem
collect
movetowall
turnleft
movetowall
turnright
movetoitem
collect
movetowall
turnright
movetowall
turnleft
movetowall
turnleft
movetowall
turnright
movetowall
turnright
movetowall
turnleft
movetowall
turnleft
drop
drop
drop
drop
drop
drop
drop
drop
drop
drop
drop
drop
drop
drop
drop
drop
drop
drop
drop
drop
drop
drop
drop
drop
drop
drop
drop
