turnleft
movetowall
turnright
turnright
movetowall
turnleft
movetowall
turnleft
movetowall
collect
turnright
turnright
movetowall
turnleft
movetowall
turnleft
movetowall
collect
turnright
turnright
movetoitem
collect
movetowall
turnright
movetowall
turnleft
movetowall
turnright
drop
movetowall
turnright
turnright
movetoitem
turnleft
movetoitem
turnright
movetoitem
turnleft
turnright
turnright
turnleft
movetowall
turnleft
movetowall
collect
turnright
turnright
movetoitem
collect
movetowall
drop
turnright
movetowall
turnleft
drop
movetowall
turnright
movetowall
turnleft
movetowall
turnright
movetowall
turnright
turnright
movetoitem
turnleft
movetoitem
turnright
movetoitem
turnleft
movetoitem
turnright
movetoitem
turnleft
turnright
turnright
turnleft
movetowall
turnleft
movetowall
collect
turnright
turnright
movetoitem
collect
movetowall
turnright
movetowall
turnleft
movetowall
turnright
movetowall
turnleft
movetowall
turnright
movetowall
turnleft
movetowall
turnright
movetowall
turnright
turnright
movetoitem
turnleft
movetoitem
turnright
movetoitem
turnleft
movetoitem
turnright
movetoitem
turnleft
movetoitem
turnright
movetoitem
turnleft
turnright
turnright
turnleft
movetowall
turnleft
movetowall
collect
turnright
turnright
movetoitem
collect
movetowall
turnright
movetowall
turnleft
movetowall
turnright
movetowall
turnleft
movetowall
turnright
movetowall
turnleft
movetowall
turnright
drop
movetowall
turnleft
movetowall
turnright
movetowall
turnright
turnright
movetoitem
turnleft
movetoitem
turnright
movetoitem
turnleft
movetoitem
turnright
movetoitem
turnleft
movetoitem
turnright
movetoitem
turnleft
movetoitem
turnright
movetoitem
turnleft
turnright
turnright
turnleft
movetowall
turnleft
movetowall
collect
turnright
turnright
movetoitem
collect
movetoitem
collect
movetowall
turnright
movetowall
turnleft
movetowall
turnright
drop
movetowall
turnleft
drop
movetowall
turnright
drop
movetowall
turnleft
drop
movetowall
turnright
movetowall
turnright
turnright
movetoitem
turnleft
movetoitem
turnright
movetoitem
turnleft
movetoitem
turnright
movetoitem
turnleft
movetoitem
turnright
movetoitem
turnleft
turnright
turnright
turnleft
movetowall
turnleft
movetowall
collect
turnright
turnright
movetoitem
collect
movetoitem
collect
movetowall
drop
turnright
movetowall
turnleft
drop
movetowall
turnright
drop
movetowall
turnleft
drop
movetowall
turnright
movetowall
turnright
turnright
movetoitem
turnleft
movetoitem
turnright
movetoitem
turnleft
movetoitem
turnright
movetoitem
turnleft
turnright
turnright
turnleft
movetowall
turnleft
movetowall
turnright
turnright
movetoitem
collect
movetoitem
collect
movetowall
drop
turnright
movetowall
turnleft
drop
movetowall
turnright
drop
movetowall
drop
turnright
turnright
movetoitem
turnleft
movetoitem
turnright
movetoitem
turnleft
turnright
turnright
turnleft
movetowall
turnleft
movetowall
turnright
turnright
movetoitem
collect
movetowall
drop
turnright
movetowall
drop
turnright
turnright
movetoitem
turnleft
turnright
turnright
turnleft
movetowall
turnright
movetoend
