movetowall
collect
turnright
movetowall
turnleft
movetowall
collect
turnleft
movetowall
turnright
movetowall
turnright
turnright
movetoitem
collect
movetoitem
collect
movetoitem
collect
movetoitem
collect
movetoitem
collect
movetoitem
collect
turnleft
movetowall
turnright
movetowall
turnleft
movetowall
drop
turnleft
turnleft
movetowall
turnright
movetowall
turnleft
movetoitem
collect
turnright
movetoitem
collect
turnright
turnright
movetowall
turnleft
movetowall
drop
turnright
movetowall
drop
turnleft
turnleft
movetowall
turnright
movetowall
turnleft
movetowall
collect
turnright
movetowall
turnright
movetowall
turnleft
movetowall
turnright
movetowall
turnleft
movetowall
turnright
movetowall
turnleft
movetowall
drop
turnright
turnright
movetowall
turnright
movetowall
turnleft
movetowall
turnright
movetowall
turnleft
movetowall
turnright
movetowall
collect
turnleft
movetoitem
collect
turnright
movetowall
turnright
turnright
movetoitem
collect
movetoitem
collect
movetowall
turnleft
movetowall
turnright
movetoitem
turnleft
movetowall
drop
turnright
movetowall
drop
turnleft
movetowall
drop
turnright
movetowall
drop
turnright
turnright
movetowall
turnleft
movetowall
turnright
movetowall
turnleft
movetowall
turnright
movetowall
collect
turnright
movetowall
drop
turnright
movetowall
drop
turnleft
movetowall
drop
turnright
movetowall
drop
turnleft
turnleft
movetowall
turnleft
movetowall
turnright
movetowall
turnleft
movetoitem
turnright
movetoitem
collect
turnright
turnright
movetoitem
collect
turnleft
movetowall
drop
turnright
movetowall
drop
turnleft
movetowall
drop
turnright
movetowall
drop
turnright
turnright
movetoitem
turnleft
movetoitem
turnright
movetowall
turnright
movetowall
drop
turnright
movetowall
drop
turnleft
turnleft
movetowall
turnright
movetoend
