movetoitem
collect
movetowall
turnright
movetowall
turnright
movetowall
turnleft
movetowall
turnright
movetowall
turnleft
movetowall
turnright
movetowall
turnright
movetowall
turnright
movetowall
turnleft
movetowall
turnright
movetowall
turnleft
movetowall
turnright
movetowall
turnleft
movetowall
turnright
movetowall
turnright
movetowall
turnright
movetowall
turnleft
movetowall
turnright
movetowall
turnleft
movetowall
turnright
movetowall
turnleft
movetowall
turnright
movetowall
turnleft
movetowall
turnright
movetowall
turnright
movetowall
turnright
movetowall
turnleft
movetowall
turnright
movetowall
turnleft
movetowall
turnright
movetowall
turnleft
movetowall
turnright
movetowall
turnleft
movetowall
turnright
movetowall
turnleft
movetowall
turnright
movetowall
turnright
movetowall
turnright
movetowall
turnleft
movetowall
turnright
movetowall
turnleft
movetowall
turnright
movetowall
turnleft
movetowall
turnright
movetowall
turnleft
movetowall
turnright
movetowall
turnleft
movetowall
turnright
movetowall
turnleft
movetowall
turnright
movetowall
turnright
movetowall
turnright
movetowall
turnleft
movetowall
turnright
movetowall
turnleft
movetowall
turnright
movetowall
turnleft
movetowall
turnright
movetowall
turnleft
movetowall
turnright
movetowall
turnleft
movetowall
turnright
movetowall
turnleft
movetowall
turnright
movetowall
turnleft
movetowall
turnright
