movetoitem
collect
movetowall
turnright
movetowall
turnright
movetowall
turnleft
movetowall
turnright
movetowall
turnleft
movetowall
turnright
movetoitem
collect
turnleft
movetowall
turnright
movetowall
turnright
movetowall
turnleft
movetowall
turnright
movetowall
turnleft
movetowall
turnright
movetowall
turnleft
movetowall
turnright
movetoitem
collect
turnleft
movetowall
turnright
movetowall
turnright
movetowall
turnleft
movetowall
turnright
movetowall
turnleft
movetowall
turnright
movetowall
turnleft
movetowall
turnright
movetowall
turnleft
movetowall
turnright
movetoitem
collect
turnleft
movetowall
turnright
movetowall
turnright
movetowall
turnleft
movetowall
turnright
movetowall
turnleft
movetowall
turnright
movetowall
turnleft
movetowall
turnright
movetowall
turnleft
movetowall
turnright
movetowall
turnleft
movetowall
turnright
movetoitem
collect
turnleft
movetowall
turnright
movetowall
turnright
movetowall
turnleft
movetowall
turnright
movetowall
turnleft
movetowall
turnright
movetowall
turnleft
movetowall
turnright
movetowall
turnleft
movetowall
turnright
movetowall
turnleft
movetowall
turnright
movetowall
turnleft
movetowall
turnright
movetoitem
collect
turnleft
movetowall
turnright
movetowall
turnright
movetowall
turnleft
movetowall
turnright
movetowall
turnleft
movetowall
turnright
movetowall
turnleft
movetowall
turnright
movetowall
turnleft
movetowall
turnright
movetowall
turnleft
movetowall
turnright
movetowall
turnleft
movetowall
turnright
movetowall
turnleft
movetowall
turnright
movetoitem
collect
turnleft
movetowall
turnright
movetowall
turnright
movetowall
turnleft
movetowall
turnright
movetowall
turnleft
movetowall
turnright
movetowall
turnleft
movetowall
turnright
movetowall
turnleft
movetowall
turnright
movetowall
turnleft
movetowall
turnright
movetowall
turnleft
movetowall
turnright
movetowall
turnleft
movetowall
turnright
movetowall
turnleft
movetowall
turnright
movetoitem
collect
turnleft
movetowall
turnright
movetowall
turnright
movetowall
turnleft
movetowall
turnright
movetowall
turnleft
movetowall
turnright
movetowall
turnleft
movetowall
turnright
movetowall
turnleft
movetowall
turnright
movetowall
turnleft
movetowall
turnright
movetowall
turnleft
movetowall
turnright
movetowall
turnleft
movetowall
turnright
movetowall
turnleft
movetowall
turnright
movetowall
turnleft
movetowall
turnright
movetoitem
collect
turnleft
movetowall
turnright
movetowall
turnright
movetowall
turnleft
movetowall
turnright
movetowall
turnleft
movetowall
turnright
movetowall
turnleft
movetowall
turnright
movetowall
turnleft
movetowall
turnright
movetowall
turnleft
movetowall
turnright
movetowall
turnleft
movetowall
turnright
movetowall
turnleft
movetowall
turnright
movetowall
turnleft
movetowall
turnright
movetowall
turnleft
movetowall
turnright
movetowall
turnleft
movetowall
turnright
movetoitem
collect
turnleft
movetowall
turnright
movetowall
turnright
movetowall
turnleft
movetowall
turnright
movetowall
turnleft
movetowall
turnright
movetowall
turnleft
movetowall
turnright
movetowall
turnleft
movetowall
turnright
movetowall
turnleft
movetowall
turnright
movetowall
turnleft
movetowall
turnright
movetowall
turnleft
movetowall
turnright
movetowall
turnleft
movetowall
turnright
movetowall
turnleft
movetowall
turnright
movetowall
turnleft
movetowall
turnright
movetowall
turnleft
movetowall
turnright
movetoitem
collect
turnleft
movetoend
drop
drop
drop
drop
drop
drop
drop
drop
drop
drop
drop
